[1020/101054.283:ERROR:filesystem_win.cc(129)] GetFileAttributes C:\Users\Madu Emmanuel IP\AppData\Local\Microsoft\Edge\User Data\Crashpad\attachments\0fcd4d7d-7a75-4dac-b3ab-7a99aa3bf67f: The system cannot find the path specified. (0x3)
[1020/101054.380:ERROR:filesystem_win.cc(129)] GetFileAttributes C:\Users\Madu Emmanuel IP\AppData\Local\Microsoft\Edge\User Data\Crashpad\attachments\119ff513-f1de-4f58-861e-89a4978b5abd: The system cannot find the path specified. (0x3)
[1020/101054.435:ERROR:filesystem_win.cc(129)] GetFileAttributes C:\Users\Madu Emmanuel IP\AppData\Local\Microsoft\Edge\User Data\Crashpad\attachments\1df4903a-dfbd-4e3a-9f2d-ade873c6f706: The system cannot find the path specified. (0x3)
[1020/101054.458:ERROR:filesystem_win.cc(129)] GetFileAttributes C:\Users\Madu Emmanuel IP\AppData\Local\Microsoft\Edge\User Data\Crashpad\attachments\21359594-9388-4512-adec-977a94aa6922: The system cannot find the path specified. (0x3)
[1020/101054.665:ERROR:filesystem_win.cc(129)] GetFileAttributes C:\Users\Madu Emmanuel IP\AppData\Local\Microsoft\Edge\User Data\Crashpad\attachments\2e08d946-b5e2-41b7-bc77-91dd1f77dd6d: The system cannot find the path specified. (0x3)
[1020/101055.078:ERROR:filesystem_win.cc(129)] GetFileAttributes C:\Users\Madu Emmanuel IP\AppData\Local\Microsoft\Edge\User Data\Crashpad\attachments\3375246c-e603-4c9c-aa7a-4dc263e132f5: The system cannot find the path specified. (0x3)
[1020/101055.617:ERROR:filesystem_win.cc(129)] GetFileAttributes C:\Users\Madu Emmanuel IP\AppData\Local\Microsoft\Edge\User Data\Crashpad\attachments\4eda3a14-0022-4087-ac64-4104cb68c177: The system cannot find the path specified. (0x3)
[1020/101055.659:ERROR:filesystem_win.cc(129)] GetFileAttributes C:\Users\Madu Emmanuel IP\AppData\Local\Microsoft\Edge\User Data\Crashpad\attachments\55b899e6-7964-4373-882a-d0a3a83432b4: The system cannot find the path specified. (0x3)
[1020/101055.764:ERROR:filesystem_win.cc(129)] GetFileAttributes C:\Users\Madu Emmanuel IP\AppData\Local\Microsoft\Edge\User Data\Crashpad\attachments\6186c87d-be8f-4859-b6d0-46f4f01d55b7: The system cannot find the path specified. (0x3)
[1020/101055.811:ERROR:filesystem_win.cc(129)] GetFileAttributes C:\Users\Madu Emmanuel IP\AppData\Local\Microsoft\Edge\User Data\Crashpad\attachments\6fed3ba7-bd8c-416b-8044-8f123fe535c2: The system cannot find the path specified. (0x3)
[1020/101056.065:ERROR:filesystem_win.cc(129)] GetFileAttributes C:\Users\Madu Emmanuel IP\AppData\Local\Microsoft\Edge\User Data\Crashpad\attachments\82b4000f-0ade-4a07-8856-c5c81e79a4d5: The system cannot find the path specified. (0x3)
[1020/101056.210:ERROR:filesystem_win.cc(129)] GetFileAttributes C:\Users\Madu Emmanuel IP\AppData\Local\Microsoft\Edge\User Data\Crashpad\attachments\8cdd423e-2d87-4898-bd57-d2ce4b03a683: The system cannot find the path specified. (0x3)
[1020/101056.299:ERROR:filesystem_win.cc(129)] GetFileAttributes C:\Users\Madu Emmanuel IP\AppData\Local\Microsoft\Edge\User Data\Crashpad\attachments\93e085bf-8f63-49d3-80a7-39c4769dff46: The system cannot find the path specified. (0x3)
[1020/101056.326:ERROR:filesystem_win.cc(129)] GetFileAttributes C:\Users\Madu Emmanuel IP\AppData\Local\Microsoft\Edge\User Data\Crashpad\attachments\94f3a830-d2de-47eb-ae03-204febff176b: The system cannot find the path specified. (0x3)
[1020/101056.478:ERROR:filesystem_win.cc(129)] GetFileAttributes C:\Users\Madu Emmanuel IP\AppData\Local\Microsoft\Edge\User Data\Crashpad\attachments\9a001ad7-eab0-43a2-a36b-abd7183e827a: The system cannot find the path specified. (0x3)
[1020/101056.479:ERROR:filesystem_win.cc(129)] GetFileAttributes C:\Users\Madu Emmanuel IP\AppData\Local\Microsoft\Edge\User Data\Crashpad\attachments\9be29a84-d9d8-4bf8-9bba-03f8c5e361bb: The system cannot find the path specified. (0x3)
[1020/101056.545:ERROR:filesystem_win.cc(129)] GetFileAttributes C:\Users\Madu Emmanuel IP\AppData\Local\Microsoft\Edge\User Data\Crashpad\attachments\9e18c5eb-c05b-46cc-9f18-80ec422a523d: The system cannot find the path specified. (0x3)
[1020/101056.573:ERROR:filesystem_win.cc(129)] GetFileAttributes C:\Users\Madu Emmanuel IP\AppData\Local\Microsoft\Edge\User Data\Crashpad\attachments\a2a3e86b-cb89-4430-8ee4-8d9a57c125da: The system cannot find the path specified. (0x3)
[1020/101056.790:ERROR:filesystem_win.cc(129)] GetFileAttributes C:\Users\Madu Emmanuel IP\AppData\Local\Microsoft\Edge\User Data\Crashpad\attachments\a8fb7474-af75-42a2-b110-007d91f89110: The system cannot find the path specified. (0x3)
[1020/101057.183:ERROR:filesystem_win.cc(129)] GetFileAttributes C:\Users\Madu Emmanuel IP\AppData\Local\Microsoft\Edge\User Data\Crashpad\attachments\af199717-41dd-425a-b381-dcddacad8cba: The system cannot find the path specified. (0x3)
[1020/101057.185:ERROR:filesystem_win.cc(129)] GetFileAttributes C:\Users\Madu Emmanuel IP\AppData\Local\Microsoft\Edge\User Data\Crashpad\attachments\b6137617-fa08-4fc2-a4b5-2bd006777adb: The system cannot find the path specified. (0x3)
[1020/101057.349:ERROR:filesystem_win.cc(129)] GetFileAttributes C:\Users\Madu Emmanuel IP\AppData\Local\Microsoft\Edge\User Data\Crashpad\attachments\b82aad7c-e0ff-47d3-80fb-fbc19144949e: The system cannot find the path specified. (0x3)
[1020/101057.363:ERROR:filesystem_win.cc(129)] GetFileAttributes C:\Users\Madu Emmanuel IP\AppData\Local\Microsoft\Edge\User Data\Crashpad\attachments\b95e5e52-d06f-4ece-9ada-790928145e55: The system cannot find the path specified. (0x3)
[1020/101057.364:ERROR:filesystem_win.cc(129)] GetFileAttributes C:\Users\Madu Emmanuel IP\AppData\Local\Microsoft\Edge\User Data\Crashpad\attachments\c1a64573-426a-4822-97e5-e3c5fc7243bf: The system cannot find the path specified. (0x3)
[1020/101057.522:ERROR:filesystem_win.cc(129)] GetFileAttributes C:\Users\Madu Emmanuel IP\AppData\Local\Microsoft\Edge\User Data\Crashpad\attachments\c2e182d7-3391-47ee-a41f-73ba0a0404f5: The system cannot find the path specified. (0x3)
[1020/101057.541:ERROR:filesystem_win.cc(129)] GetFileAttributes C:\Users\Madu Emmanuel IP\AppData\Local\Microsoft\Edge\User Data\Crashpad\attachments\c3a5ea23-cd64-40b9-b5c2-3d61dd8e7e55: The system cannot find the path specified. (0x3)
[1020/101057.567:ERROR:filesystem_win.cc(129)] GetFileAttributes C:\Users\Madu Emmanuel IP\AppData\Local\Microsoft\Edge\User Data\Crashpad\attachments\c4db5aa7-a475-41fe-a41f-fac15f881ed4: The system cannot find the path specified. (0x3)
[1020/101057.573:ERROR:filesystem_win.cc(129)] GetFileAttributes C:\Users\Madu Emmanuel IP\AppData\Local\Microsoft\Edge\User Data\Crashpad\attachments\c610144e-a4ed-4bc7-b794-1ce4e2075afa: The system cannot find the path specified. (0x3)
[1020/101057.729:ERROR:filesystem_win.cc(129)] GetFileAttributes C:\Users\Madu Emmanuel IP\AppData\Local\Microsoft\Edge\User Data\Crashpad\attachments\c8936dda-7674-46ac-ae43-4d0ad7a52e84: The system cannot find the path specified. (0x3)
[1020/101057.775:ERROR:filesystem_win.cc(129)] GetFileAttributes C:\Users\Madu Emmanuel IP\AppData\Local\Microsoft\Edge\User Data\Crashpad\attachments\d4bbaaea-c9d0-4dde-9eec-08afab8e2973: The system cannot find the path specified. (0x3)
[1020/101057.776:ERROR:filesystem_win.cc(129)] GetFileAttributes C:\Users\Madu Emmanuel IP\AppData\Local\Microsoft\Edge\User Data\Crashpad\attachments\d4f6f6ed-52ff-44d8-9112-ce744a140802: The system cannot find the path specified. (0x3)
[1020/101057.778:ERROR:filesystem_win.cc(129)] GetFileAttributes C:\Users\Madu Emmanuel IP\AppData\Local\Microsoft\Edge\User Data\Crashpad\attachments\d835f004-f389-485c-b216-2829e7ae57f1: The system cannot find the path specified. (0x3)
[1020/101058.121:ERROR:filesystem_win.cc(129)] GetFileAttributes C:\Users\Madu Emmanuel IP\AppData\Local\Microsoft\Edge\User Data\Crashpad\attachments\e890a072-90ab-43a0-aa52-64386c484a4d: The system cannot find the path specified. (0x3)
[1020/101058.124:ERROR:filesystem_win.cc(129)] GetFileAttributes C:\Users\Madu Emmanuel IP\AppData\Local\Microsoft\Edge\User Data\Crashpad\attachments\ea48cc64-644b-4568-9da1-8221a34b92ee: The system cannot find the path specified. (0x3)
[1020/101058.297:ERROR:filesystem_win.cc(129)] GetFileAttributes C:\Users\Madu Emmanuel IP\AppData\Local\Microsoft\Edge\User Data\Crashpad\attachments\eaa891a8-c48a-4f7a-9d5e-e674d9b9accf: The system cannot find the path specified. (0x3)
[1020/101058.452:ERROR:filesystem_win.cc(129)] GetFileAttributes C:\Users\Madu Emmanuel IP\AppData\Local\Microsoft\Edge\User Data\Crashpad\attachments\fd9eb6d8-ff74-4155-a3f0-f9eeb5b65089: The system cannot find the path specified. (0x3)
[1020/101058.454:ERROR:directory_reader_win.cc(43)] FindFirstFile: The system cannot find the path specified. (0x3)
[1020/231453.575:ERROR:process_reader_win.cc(127)] NtOpenThread: {Access Denied} A process has requested access to an object, but has not been granted those access rights. (0xc0000022)
[1020/231453.575:ERROR:process_reader_win.cc(127)] NtOpenThread: {Access Denied} A process has requested access to an object, but has not been granted those access rights. (0xc0000022)
[1020/231453.650:ERROR:exception_snapshot_win.cc(100)] thread ID 22344 not found in process
[1020/231453.650:ERROR:exception_snapshot_win.cc(100)] thread ID 19296 not found in process
[1020/231456.831:ERROR:filesystem_win.cc(129)] GetFileAttributes C:\Users\Madu Emmanuel IP\AppData\Local\Microsoft\Edge\User Data\Crashpad\attachments\68a7d83e-40dc-4751-819b-c96b56163132: The system cannot find the path specified. (0x3)
[1020/231456.863:ERROR:filesystem_win.cc(129)] GetFileAttributes C:\Users\Madu Emmanuel IP\AppData\Local\Microsoft\Edge\User Data\Crashpad\attachments\cec2e231-d2a3-4ea8-85ba-1c9bfbfad2b8: The system cannot find the path specified. (0x3)
